<?xml version="1.0" encoding="UTF-8"?>
<testng-results ignored="0" total="2" passed="2" failed="0" skipped="0">
  <reporter-output>
  </reporter-output>
  <suite started-at="2024-04-23T11:07:07 IST" name="Default suite" finished-at="2024-04-23T11:07:42 IST" duration-ms="35068">
    <groups>
    </groups>
    <test started-at="2024-04-23T11:07:07 IST" name="Default test" finished-at="2024-04-23T11:07:42 IST" duration-ms="35068">
      <class name="testCases.TC_O5">
        <test-method signature="setup()[pri:0, instance:testCases.TC_O5@4c371370]" started-at="2024-04-23T11:07:07 IST" name="setup" finished-at="2024-04-23T11:07:21 IST" duration-ms="13691" status="PASS">
          <reporter-output>
          </reporter-output>
        </test-method> <!-- setup -->
        <test-method signature="register()[pri:0, instance:testCases.TC_O5@4c371370]" started-at="2024-04-23T11:07:21 IST" name="register" finished-at="2024-04-23T11:07:42 IST" duration-ms="21242" status="PASS">
          <reporter-output>
          </reporter-output>
        </test-method> <!-- register -->
      </class> <!-- testCases.TC_O5 -->
    </test> <!-- Default test -->
  </suite> <!-- Default suite -->
</testng-results>
