<?xml version="1.0" encoding="UTF-8"?>
<testng-results ignored="0" total="1" passed="1" failed="0" skipped="0">
  <reporter-output>
  </reporter-output>
  <suite started-at="2024-03-11T13:57:02 IST" name="Default suite" finished-at="2024-03-11T13:57:23 IST" duration-ms="21174">
    <groups>
    </groups>
    <test started-at="2024-03-11T13:57:02 IST" name="Default test" finished-at="2024-03-11T13:57:23 IST" duration-ms="21174">
      <class name="testCases.TC_001_New_Registration">
        <test-method is-config="true" signature="setup()[pri:0, instance:testCases.TC_001_New_Registration@2d1ef81a]" started-at="2024-03-11T13:57:02 IST" name="setup" finished-at="2024-03-11T13:57:09 IST" duration-ms="6928" status="PASS">
          <reporter-output>
          </reporter-output>
        </test-method> <!-- setup -->
        <test-method signature="registrationAccout()[pri:0, instance:testCases.TC_001_New_Registration@2d1ef81a]" started-at="2024-03-11T13:57:09 IST" name="registrationAccout" finished-at="2024-03-11T13:57:23 IST" duration-ms="13831" status="PASS">
          <reporter-output>
          </reporter-output>
        </test-method> <!-- registrationAccout -->
        <test-method is-config="true" signature="close()[pri:0, instance:testCases.TC_001_New_Registration@2d1ef81a]" started-at="2024-03-11T13:57:23 IST" name="close" finished-at="2024-03-11T13:57:23 IST" duration-ms="335" status="PASS">
          <reporter-output>
          </reporter-output>
        </test-method> <!-- close -->
      </class> <!-- testCases.TC_001_New_Registration -->
    </test> <!-- Default test -->
  </suite> <!-- Default suite -->
</testng-results>
